Opening in existing browser session.
Opening in existing browser session.
Opening in existing browser session.
Opening in existing browser session.
Opening in existing browser session.
Opening in existing browser session.
Opening in existing browser session.
node:events:491
      throw er; // Unhandled 'error' event
      ^

Error: EBADF: bad file descriptor, read
Emitted 'error' event on ReadStream instance at:
    at emitErrorNT (node:internal/streams/destroy:151:8)
    at errorOrDestroy (node:internal/streams/destroy:214:7)
    at node:internal/fs/streams:258:9
    at FSReqCallback.wrapper [as oncomplete] (node:fs:684:5) {
  errno: -9,
  code: 'EBADF',
  syscall: 'read'
}

Node.js v18.15.0
Opening in existing browser session.
Opening in existing browser session.
Opening in existing browser session.
Opening in existing browser session.
Opening in existing browser session.
Opening in existing browser session.
Opening in existing browser session.
node:events:491
      throw er; // Unhandled 'error' event
      ^

Error: EBADF: bad file descriptor, read
Emitted 'error' event on ReadStream instance at:
    at emitErrorNT (node:internal/streams/destroy:151:8)
    at errorOrDestroy (node:internal/streams/destroy:214:7)
    at node:internal/fs/streams:258:9
    at FSReqCallback.wrapper [as oncomplete] (node:fs:684:5) {
  errno: -9,
  code: 'EBADF',
  syscall: 'read'
}

Node.js v18.15.0
[29311:29341:0812/132842.713176:ERROR:connection_factory_impl.cc(471)] ConnectionHandler failed with net error: -2
[29311:29341:0812/142332.262321:ERROR:connection_factory_impl.cc(428)] Failed to connect to MCS endpoint with error -7
[29354:29354:0812/142806.259164:ERROR:shared_image_manager.cc(217)] SharedImageManager::ProduceSkia: Trying to Produce a Skia representation from a non-existent mailbox.
[29311:29311:0812/142818.106215:ERROR:interface_endpoint_client.cc(702)] Message 0 rejected by interface blink.mojom.WidgetHost
Fontconfig error: Cannot load default config file: No such file: (null)
Fontconfig error: Cannot load default config file: No such file: (null)
[29581:9:0812/150124.101015:ERROR:command_buffer_proxy_impl.cc(325)] GPU state invalid after WaitForGetOffsetInRange.
[29311:29311:0812/150125.424828:ERROR:gpu_process_host.cc(952)] GPU process exited unexpectedly: exit_code=512
[29311:29341:0812/151337.733595:ERROR:connection_factory_impl.cc(471)] ConnectionHandler failed with net error: -2
[29311:29341:0812/151337.794532:ERROR:connection_factory_impl.cc(428)] Failed to connect to MCS endpoint with error -106
[29311:29341:0812/153058.263311:ERROR:connection_factory_impl.cc(428)] Failed to connect to MCS endpoint with error -106
[29355:29377:0812/153915.408392:ERROR:ssl_client_socket_impl.cc(980)] handshake failed; returned -1, SSL error code 1, net_error -101
[35334:35334:0812/162437.042604:ERROR:shared_image_manager.cc(217)] SharedImageManager::ProduceSkia: Trying to Produce a Skia representation from a non-existent mailbox.
[35151:8:0812/162437.048404:ERROR:command_buffer_proxy_impl.cc(128)] ContextResult::kTransientFailure: Failed to send GpuControl.CreateCommandBuffer.
[29311:29341:0812/171005.402811:ERROR:connection_factory_impl.cc(471)] ConnectionHandler failed with net error: -2
[29311:29341:0812/171005.438502:ERROR:connection_factory_impl.cc(428)] Failed to connect to MCS endpoint with error -106
[29311:29341:0812/180121.383853:ERROR:connection_factory_impl.cc(428)] Failed to connect to MCS endpoint with error -106
[29311:29341:0812/180126.289808:ERROR:connection_factory_impl.cc(428)] Failed to connect to MCS endpoint with error -105
Fontconfig error: Cannot load default config file: No such file: (null)
Fontconfig error: Cannot load default config file: No such file: (null)
[29311:29336:0812/182108.218719:ERROR:cert_verify_proc_builtin.cc(701)] CertVerifyProcBuiltin for global.ib-ibi.com failed:
----- Certificate i=0 (CN=*.ib-ibi.com,O=KBM Group LLC,L=Louisville,ST=Colorado,C=US) -----
ERROR: Time is after notAfter


[29355:29377:0812/182108.219456:ERROR:ssl_client_socket_impl.cc(980)] handshake failed; returned -1, SSL error code 1, net_error -201
[29311:29311:0812/195011.916615:ERROR:interface_endpoint_client.cc(702)] Message 0 rejected by interface blink.mojom.WidgetHost
[29311:29341:0812/210236.781162:ERROR:connection_factory_impl.cc(471)] ConnectionHandler failed with net error: -2
[29311:29341:0812/212057.152956:ERROR:connection_factory_impl.cc(428)] Failed to connect to MCS endpoint with error -7
Fontconfig error: Cannot load default config file: No such file: (null)
[29355:29377:0812/213306.993599:ERROR:socket_manager.cc(141)] Failed to resolve address for aa.online-metrix.net., errorcode: -105
[29355:29377:0812/213306.993639:ERROR:socket_manager.cc(141)] Failed to resolve address for aa.online-metrix.net., errorcode: -105
[29355:29377:0812/213306.993655:ERROR:socket_manager.cc(141)] Failed to resolve address for aa.online-metrix.net., errorcode: -105
[50167:23:0812/213307.152303:ERROR:stun_port.cc(79)] Binding error response: class=4 number=1 reason=Unauthorized
[50167:23:0812/213317.390107:ERROR:stun_port.cc(79)] Binding error response: class=4 number=1 reason=Unauthorized
[50167:23:0812/213327.666893:ERROR:stun_port.cc(79)] Binding error response: class=4 number=1 reason=Unauthorized
[50167:23:0812/213337.927320:ERROR:stun_port.cc(79)] Binding error response: class=4 number=1 reason=Unauthorized
[50167:23:0812/213348.167307:ERROR:stun_port.cc(79)] Binding error response: class=4 number=1 reason=Unauthorized
[50167:23:0812/213358.393612:ERROR:stun_port.cc(79)] Binding error response: class=4 number=1 reason=Unauthorized
[29355:29377:0812/213808.133955:ERROR:socket_tcp.cc(323)] Error when reading from TCP socket: -101
[29355:29377:0812/213808.134400:ERROR:socket_tcp.cc(323)] Error when reading from TCP socket: -101
[35334:35334:0812/214110.020305:ERROR:shared_image_manager.cc(217)] SharedImageManager::ProduceSkia: Trying to Produce a Skia representation from a non-existent mailbox.
Fontconfig error: Cannot load default config file: No such file: (null)
INFO: Created TensorFlow Lite XNNPACK delegate for CPU.
Fontconfig error: Cannot load default config file: No such file: (null)
[29355:29377:0812/215805.978447:ERROR:ssl_client_socket_impl.cc(980)] handshake failed; returned -1, SSL error code 1, net_error -101
[29355:29377:0812/215810.035030:ERROR:ssl_client_socket_impl.cc(980)] handshake failed; returned -1, SSL error code 1, net_error -101
Fontconfig error: Cannot load default config file: No such file: (null)
[35334:35334:0812/222242.680955:ERROR:shared_image_manager.cc(217)] SharedImageManager::ProduceSkia: Trying to Produce a Skia representation from a non-existent mailbox.
[35334:35334:0812/222242.681785:ERROR:shared_image_manager.cc(217)] SharedImageManager::ProduceSkia: Trying to Produce a Skia representation from a non-existent mailbox.
Fontconfig error: Cannot load default config file: No such file: (null)
Fontconfig error: Cannot load default config file: No such file: (null)
Fontconfig error: Cannot load default config file: No such file: (null)
[35334:35334:0812/223425.595798:ERROR:shared_image_manager.cc(217)] SharedImageManager::ProduceSkia: Trying to Produce a Skia representation from a non-existent mailbox.
[29311:29341:0812/223456.242927:ERROR:connection_factory_impl.cc(471)] ConnectionHandler failed with net error: -2
[29311:29341:0813/152845.137208:ERROR:connection_factory_impl.cc(428)] Failed to connect to MCS endpoint with error -7
X connection to :0 broken (explicit kill or server shutdown).
Opening in existing browser session.
node:events:491
      throw er; // Unhandled 'error' event
      ^

Error: EBADF: bad file descriptor, read
Emitted 'error' event on ReadStream instance at:
    at emitErrorNT (node:internal/streams/destroy:151:8)
    at errorOrDestroy (node:internal/streams/destroy:214:7)
    at node:internal/fs/streams:258:9
    at FSReqCallback.wrapper [as oncomplete] (node:fs:684:5) {
  errno: -9,
  code: 'EBADF',
  syscall: 'read'
}

Node.js v18.15.0
